{"level":"info","message":"Database info:","service":"ai-chain-creator-hub-backend","timestamp":"2025-09-04T23:16:18.372Z"}
{"level":"info","message":"Database info:","service":"ai-chain-creator-hub-backend","timestamp":"2025-09-04T23:48:39.050Z"}
{"level":"info","message":"Database connected successfully","service":"ai-chain-creator-hub-backend","timestamp":"2025-09-04T23:48:39.053Z"}
{"level":"info","message":"Server running on port 5000","service":"ai-chain-creator-hub-backend","timestamp":"2025-09-04T23:48:39.054Z"}
{"level":"info","message":"Environment: development","service":"ai-chain-creator-hub-backend","timestamp":"2025-09-04T23:48:39.054Z"}
{"level":"info","message":"Database info:","service":"ai-chain-creator-hub-backend","timestamp":"2025-09-05T03:49:07.942Z"}
{"level":"info","message":"Database connected successfully","service":"ai-chain-creator-hub-backend","timestamp":"2025-09-05T03:49:08.093Z"}
{"level":"info","message":"Server running on port 5000","service":"ai-chain-creator-hub-backend","timestamp":"2025-09-05T03:49:08.095Z"}
{"level":"info","message":"Environment: development","service":"ai-chain-creator-hub-backend","timestamp":"2025-09-05T03:49:08.095Z"}
{"level":"info","message":"Database info:","service":"ai-chain-creator-hub-backend","timestamp":"2025-09-05T03:55:39.922Z"}
{"level":"info","message":"Database connected successfully","service":"ai-chain-creator-hub-backend","timestamp":"2025-09-05T03:55:40.147Z"}
{"level":"info","message":"Database info:","service":"ai-chain-creator-hub-backend","timestamp":"2025-09-05T03:55:40.625Z"}
{"level":"info","message":"Database connected successfully","service":"ai-chain-creator-hub-backend","timestamp":"2025-09-05T03:55:40.626Z"}
{"level":"info","message":"SIGTERM received, shutting down gracefully","service":"ai-chain-creator-hub-backend","timestamp":"2025-09-05T03:59:41.488Z"}
{"level":"info","message":"Database disconnected successfully","service":"ai-chain-creator-hub-backend","timestamp":"2025-09-05T03:59:41.490Z"}
{"level":"info","message":"Process terminated","service":"ai-chain-creator-hub-backend","timestamp":"2025-09-05T03:59:41.491Z"}
{"level":"info","message":"Database info:","service":"ai-chain-creator-hub-backend","timestamp":"2025-09-05T03:59:41.951Z"}
{"level":"info","message":"Database connected successfully","service":"ai-chain-creator-hub-backend","timestamp":"2025-09-05T03:59:41.955Z"}
{"level":"info","message":"Server running on port 5000","service":"ai-chain-creator-hub-backend","timestamp":"2025-09-05T03:59:41.957Z"}
{"level":"info","message":"Environment: development","service":"ai-chain-creator-hub-backend","timestamp":"2025-09-05T03:59:41.958Z"}
{"level":"info","message":"SIGTERM received, shutting down gracefully","service":"ai-chain-creator-hub-backend","timestamp":"2025-09-05T03:59:48.650Z"}
{"level":"info","message":"Database disconnected successfully","service":"ai-chain-creator-hub-backend","timestamp":"2025-09-05T03:59:48.652Z"}
{"level":"info","message":"Process terminated","service":"ai-chain-creator-hub-backend","timestamp":"2025-09-05T03:59:48.653Z"}
{"level":"info","message":"Database info:","service":"ai-chain-creator-hub-backend","timestamp":"2025-09-05T03:59:49.290Z"}
{"level":"info","message":"Database connected successfully","service":"ai-chain-creator-hub-backend","timestamp":"2025-09-05T03:59:49.293Z"}
{"level":"info","message":"Server running on port 5000","service":"ai-chain-creator-hub-backend","timestamp":"2025-09-05T03:59:49.294Z"}
{"level":"info","message":"Environment: development","service":"ai-chain-creator-hub-backend","timestamp":"2025-09-05T03:59:49.295Z"}
{"level":"info","message":"SIGTERM received, shutting down gracefully","service":"ai-chain-creator-hub-backend","timestamp":"2025-09-05T04:02:20.724Z"}
{"level":"info","message":"Database disconnected successfully","service":"ai-chain-creator-hub-backend","timestamp":"2025-09-05T04:02:20.734Z"}
{"level":"info","message":"Process terminated","service":"ai-chain-creator-hub-backend","timestamp":"2025-09-05T04:02:20.737Z"}
{"level":"info","message":"Database info:","service":"ai-chain-creator-hub-backend","timestamp":"2025-09-05T04:02:21.131Z"}
{"level":"info","message":"Database connected successfully","service":"ai-chain-creator-hub-backend","timestamp":"2025-09-05T04:02:21.135Z"}
{"level":"info","message":"Server running on port 5000","service":"ai-chain-creator-hub-backend","timestamp":"2025-09-05T04:02:21.136Z"}
{"level":"info","message":"Environment: development","service":"ai-chain-creator-hub-backend","timestamp":"2025-09-05T04:02:21.137Z"}
{"level":"info","message":"SIGTERM received, shutting down gracefully","service":"ai-chain-creator-hub-backend","timestamp":"2025-09-05T04:27:07.731Z"}
{"level":"info","message":"Database disconnected successfully","service":"ai-chain-creator-hub-backend","timestamp":"2025-09-05T04:27:07.733Z"}
{"level":"info","message":"Process terminated","service":"ai-chain-creator-hub-backend","timestamp":"2025-09-05T04:27:07.734Z"}
{"level":"info","message":"Database info:","service":"ai-chain-creator-hub-backend","timestamp":"2025-09-05T04:27:09.739Z"}
{"level":"info","message":"Database connected successfully","service":"ai-chain-creator-hub-backend","timestamp":"2025-09-05T04:27:09.743Z"}
{"level":"info","message":"Server running on port 5000","service":"ai-chain-creator-hub-backend","timestamp":"2025-09-05T04:27:09.745Z"}
{"level":"info","message":"Environment: development","service":"ai-chain-creator-hub-backend","timestamp":"2025-09-05T04:27:09.746Z"}
{"level":"info","message":"SIGTERM received, shutting down gracefully","service":"ai-chain-creator-hub-backend","timestamp":"2025-09-05T04:48:45.813Z"}
{"level":"info","message":"Database disconnected successfully","service":"ai-chain-creator-hub-backend","timestamp":"2025-09-05T04:48:45.814Z"}
{"level":"info","message":"Process terminated","service":"ai-chain-creator-hub-backend","timestamp":"2025-09-05T04:48:45.815Z"}
{"level":"info","message":"Generated challenge for wallet: 0x1234567890abcdef1234567890abcdef12345678","service":"ai-chain-creator-hub-backend","timestamp":"2025-09-05T07:05:25.549Z"}
{"level":"info","message":"Generated challenge for wallet: 0x1234567890abcdef1234567890abcdef12345678","service":"ai-chain-creator-hub-backend","timestamp":"2025-09-05T07:29:59.455Z"}
{"level":"info","message":"Generated challenge for wallet: 0x1234567890abcdef1234567890abcdef12345678","service":"ai-chain-creator-hub-backend","timestamp":"2025-09-06T01:31:18.521Z"}
{"level":"info","message":"NFT created: cmf7lco3900028dnkk8v7r26k by 0x1234567890abcdef1234567890abcdef12345678","service":"ai-chain-creator-hub-backend","timestamp":"2025-09-06T01:34:31.416Z"}
{"level":"info","message":"NFT created: cmf7lw1qk00028drk02ucmklz by 0x1234567890abcdef1234567890abcdef12345678","service":"ai-chain-creator-hub-backend","timestamp":"2025-09-06T01:49:35.567Z"}
{"level":"info","message":"NFT created: cmf7lyl5q00028dqu3qcsoq2l by 0x1234567890abcdef1234567890abcdef12345678","service":"ai-chain-creator-hub-backend","timestamp":"2025-09-06T01:51:34.050Z"}
{"level":"info","message":"NFT created: cmf7m7g1e00028d9cjzsz2aah by 0x1234567890abcdef1234567890abcdef12345678","service":"ai-chain-creator-hub-backend","timestamp":"2025-09-06T01:58:27.322Z"}
{"level":"info","message":"NFT created: cmf7n52ke00028dxuux5efbx9 by 0x1234567890abcdef1234567890abcdef12345678","service":"ai-chain-creator-hub-backend","timestamp":"2025-09-06T02:24:36.161Z"}
{"level":"info","message":"NFT created: cmf7n53l000088dxuuydh5a0m by 0x1234567890abcdef1234567890abcdef12345678","service":"ai-chain-creator-hub-backend","timestamp":"2025-09-06T02:24:37.479Z"}
{"level":"info","message":"Listing created: cmf7n53lg000a8dxuunx2jn6e by 0x1234567890abcdef1234567890abcdef12345678","service":"ai-chain-creator-hub-backend","timestamp":"2025-09-06T02:24:37.499Z"}
{"level":"info","message":"AI generation job queued for user: 0x1234567890abcdef1234567890abcdef12345678","service":"ai-chain-creator-hub-backend","timestamp":"2025-09-06T02:24:37.572Z"}
{"level":"info","message":"Trading strategy created: cmf7n53p5000f8dxuy7lc59il by 0x1234567890abcdef1234567890abcdef12345678","service":"ai-chain-creator-hub-backend","timestamp":"2025-09-06T02:24:37.628Z"}
{"level":"info","message":"Trading strategy updated: cmf7n53p5000f8dxuy7lc59il by 0x1234567890abcdef1234567890abcdef12345678","service":"ai-chain-creator-hub-backend","timestamp":"2025-09-06T02:24:37.653Z"}
{"level":"info","message":"Trading strategy created: cmf7n54kv000k8dxuguc5i8l7 by 0x1234567890abcdef1234567890abcdef12345678","service":"ai-chain-creator-hub-backend","timestamp":"2025-09-06T02:24:38.769Z"}
{"level":"info","message":"VibeCoin balance updated for 0x1234567890abcdef1234567890abcdef12345678: add 500","service":"ai-chain-creator-hub-backend","timestamp":"2025-09-06T02:24:41.117Z"}
{"level":"info","message":"AI generation job queued for user: 0x1234567890abcdef1234567890abcdef12345678","service":"ai-chain-creator-hub-backend","timestamp":"2025-09-06T02:24:42.903Z"}
{"level":"info","message":"AI generation job queued for user: 0x1234567890abcdef1234567890abcdef12345678","service":"ai-chain-creator-hub-backend","timestamp":"2025-09-06T02:24:42.925Z"}
{"level":"info","message":"Generated challenge for wallet: 0x1234567890abcdef1234567890abcdef12345678","service":"ai-chain-creator-hub-backend","timestamp":"2025-09-06T02:24:44.602Z"}
{"level":"info","message":"NFT created: cmf7nrc2600028ds3yvuqn8ek by 0x1234567890abcdef1234567890abcdef12345678","service":"ai-chain-creator-hub-backend","timestamp":"2025-09-06T02:41:54.898Z"}
{"level":"info","message":"VibeCoin balance updated for 0x1234567890abcdef1234567890abcdef12345678: add 500","service":"ai-chain-creator-hub-backend","timestamp":"2025-09-06T02:41:55.556Z"}
{"level":"info","message":"NFT created: cmf7nrdai000g8ds3ln0h86sm by 0x1234567890abcdef1234567890abcdef12345678","service":"ai-chain-creator-hub-backend","timestamp":"2025-09-06T02:41:56.493Z"}
{"level":"info","message":"Listing created: cmf7nrdav000i8ds3nzbqav13 by 0x1234567890abcdef1234567890abcdef12345678","service":"ai-chain-creator-hub-backend","timestamp":"2025-09-06T02:41:56.509Z"}
{"level":"info","message":"AI generation job queued for user: 0x1234567890abcdef1234567890abcdef12345678","service":"ai-chain-creator-hub-backend","timestamp":"2025-09-06T02:41:56.562Z"}
{"level":"info","message":"Trading strategy created: cmf7nrddr000n8ds3t5ifpmdu by 0x1234567890abcdef1234567890abcdef12345678","service":"ai-chain-creator-hub-backend","timestamp":"2025-09-06T02:41:56.609Z"}
{"level":"info","message":"Trading strategy updated: cmf7nrddr000n8ds3t5ifpmdu by 0x1234567890abcdef1234567890abcdef12345678","service":"ai-chain-creator-hub-backend","timestamp":"2025-09-06T02:41:56.632Z"}
{"level":"info","message":"Trading strategy created: cmf7nre8g000s8ds306o94csb by 0x1234567890abcdef1234567890abcdef12345678","service":"ai-chain-creator-hub-backend","timestamp":"2025-09-06T02:41:57.715Z"}
{"level":"info","message":"AI generation job queued for user: 0x1234567890abcdef1234567890abcdef12345678","service":"ai-chain-creator-hub-backend","timestamp":"2025-09-06T02:42:02.634Z"}
{"level":"info","message":"AI generation job queued for user: 0x1234567890abcdef1234567890abcdef12345678","service":"ai-chain-creator-hub-backend","timestamp":"2025-09-06T02:42:02.664Z"}
{"level":"info","message":"Generated challenge for wallet: 0x1234567890abcdef1234567890abcdef12345678","service":"ai-chain-creator-hub-backend","timestamp":"2025-09-06T02:42:03.410Z"}
{"level":"info","message":"NFT created: cmf7og2wn00028dgj3qjjmihy by 0x1234567890abcdef1234567890abcdef12345678","service":"ai-chain-creator-hub-backend","timestamp":"2025-09-06T03:01:09.435Z"}
{"level":"info","message":"NFT created: cmf7omz8100028didcvkmyzgc by 0x1234567890abcdef1234567890abcdef12345678","service":"ai-chain-creator-hub-backend","timestamp":"2025-09-06T03:06:31.252Z"}
{"level":"info","message":"NFT created: cmf7omz8i00048didphcywjwf by 0x1234567890abcdef1234567890abcdef12345678","service":"ai-chain-creator-hub-backend","timestamp":"2025-09-06T03:06:31.269Z"}
{"level":"info","message":"NFT created: cmf7os5l200028d4etjp66j7j by 0x1234567890abcdef1234567890abcdef12345678","service":"ai-chain-creator-hub-backend","timestamp":"2025-09-06T03:10:32.777Z"}
{"level":"info","message":"NFT created: cmf7os5lk00048d4efrbhetfd by 0x1234567890abcdef1234567890abcdef12345678","service":"ai-chain-creator-hub-backend","timestamp":"2025-09-06T03:10:32.795Z"}
{"level":"info","message":"NFT created: cmf7ow45500028dfui1qr5w1h by 0x1234567890abcdef1234567890abcdef12345678","service":"ai-chain-creator-hub-backend","timestamp":"2025-09-06T03:13:37.532Z"}
{"level":"info","message":"NFT created: cmf7ow45m00048dfua6ibmy8l by 0x1234567890abcdef1234567890abcdef12345678","service":"ai-chain-creator-hub-backend","timestamp":"2025-09-06T03:13:37.549Z"}
{"level":"info","message":"NFT created: cmf7p12uf00028d07tos78h57 by 0x1234567890abcdef1234567890abcdef12345678","service":"ai-chain-creator-hub-backend","timestamp":"2025-09-06T03:17:29.131Z"}
{"level":"info","message":"NFT created: cmf7p12uy00048d07fcat9xoh by 0x1234567890abcdef1234567890abcdef12345678","service":"ai-chain-creator-hub-backend","timestamp":"2025-09-06T03:17:29.149Z"}
{"level":"info","message":"NFT created: cmf7p5pfn00028di3d8oea7j2 by 0x1234567890abcdef1234567890abcdef12345678","service":"ai-chain-creator-hub-backend","timestamp":"2025-09-06T03:21:05.031Z"}
{"level":"info","message":"NFT created: cmf7p5pgi00048di3ifnrgm8d by 0x1234567890abcdef1234567890abcdef12345678","service":"ai-chain-creator-hub-backend","timestamp":"2025-09-06T03:21:05.066Z"}
{"level":"info","message":"NFT created: cmf7pneif00028d6jq3aoy3t9 by 0x1234567890abcdef1234567890abcdef12345678","service":"ai-chain-creator-hub-backend","timestamp":"2025-09-06T03:34:50.684Z"}
{"level":"info","message":"NFT created: cmf7pnej300048d6joc8h2s8t by 0x1234567890abcdef1234567890abcdef12345678","service":"ai-chain-creator-hub-backend","timestamp":"2025-09-06T03:34:50.706Z"}
{"level":"info","message":"NFT created: cmf7q67i900028d3vyuyckmn2 by 0x1234567890abcdef1234567890abcdef12345678","service":"ai-chain-creator-hub-backend","timestamp":"2025-09-06T03:49:28.069Z"}
{"level":"info","message":"NFT created: cmf7q67jg00048d3vk88c59jf by 0x1234567890abcdef1234567890abcdef12345678","service":"ai-chain-creator-hub-backend","timestamp":"2025-09-06T03:49:28.113Z"}
{"level":"info","message":"Trading strategy created: cmf7qgizk00038dymnb7ruiac by 0x1234567890abcdef1234567890abcdef12345678","service":"ai-chain-creator-hub-backend","timestamp":"2025-09-06T03:57:29.507Z"}
{"level":"info","message":"AI generation job queued for user: 0x1234567890abcdef1234567890abcdef12345678","service":"ai-chain-creator-hub-backend","timestamp":"2025-09-06T03:57:31.428Z"}
{"level":"info","message":"AI generation job queued for user: 0x1234567890abcdef1234567890abcdef12345678","service":"ai-chain-creator-hub-backend","timestamp":"2025-09-06T03:57:31.486Z"}
{"level":"info","message":"NFT created: cmf7qglqf000i8dym1slutdjy by 0x1234567890abcdef1234567890abcdef12345678","service":"ai-chain-creator-hub-backend","timestamp":"2025-09-06T03:57:33.168Z"}
{"level":"info","message":"Listing created: cmf7qglvg000k8dymxvaa9jt7 by 0x1234567890abcdef1234567890abcdef12345678","service":"ai-chain-creator-hub-backend","timestamp":"2025-09-06T03:57:33.284Z"}
{"level":"info","message":"AI generation job queued for user: 0x1234567890abcdef1234567890abcdef12345678","service":"ai-chain-creator-hub-backend","timestamp":"2025-09-06T03:57:33.422Z"}
{"level":"info","message":"Trading strategy created: cmf7qgm5k000p8dymdcakbi37 by 0x1234567890abcdef1234567890abcdef12345678","service":"ai-chain-creator-hub-backend","timestamp":"2025-09-06T03:57:33.611Z"}
{"level":"info","message":"Trading strategy updated: cmf7qgm5k000p8dymdcakbi37 by 0x1234567890abcdef1234567890abcdef12345678","service":"ai-chain-creator-hub-backend","timestamp":"2025-09-06T03:57:33.632Z"}
{"level":"info","message":"VibeCoin balance updated for 0x1234567890abcdef1234567890abcdef12345678: add 500","service":"ai-chain-creator-hub-backend","timestamp":"2025-09-06T03:57:37.280Z"}
{"level":"info","message":"NFT created: cmf7qgqr7001a8dymx6ox7c17 by 0x1234567890abcdef1234567890abcdef12345678","service":"ai-chain-creator-hub-backend","timestamp":"2025-09-06T03:57:39.650Z"}
{"level":"info","message":"NFT created: cmf7qgqun001c8dymfnfh500j by 0x1234567890abcdef1234567890abcdef12345678","service":"ai-chain-creator-hub-backend","timestamp":"2025-09-06T03:57:39.712Z"}
{"level":"info","message":"Generated challenge for wallet: 0x1234567890abcdef1234567890abcdef12345678","service":"ai-chain-creator-hub-backend","timestamp":"2025-09-06T03:57:41.476Z"}
{"level":"error","message":"Error sending notification: Push SDK Error: API : channel::send : AxiosError: Request failed with status code 400","service":"ai-chain-creator-hub-backend","stack":"Error: Push SDK Error: API : channel::send : AxiosError: Request failed with status code 400\n    at Channel.<anonymous> (/workspaces/AI-Chain-Creator-Hub/packages/backend/packages/restapi/src/lib/pushNotification/channel.ts:169:13)\n    at Generator.throw (<anonymous>)\n    at rejected (/workspaces/AI-Chain-Creator-Hub/packages/backend/node_modules/tslib/tslib.js:168:69)\n    at processTicksAndRejections (node:internal/process/task_queues:105:5)","timestamp":"2025-09-06T04:32:39.317Z"}
{"level":"error","message":"Error sending notification: Push SDK Error: API : channel::send : AxiosError: Request failed with status code 400","service":"ai-chain-creator-hub-backend","stack":"Error: Push SDK Error: API : channel::send : AxiosError: Request failed with status code 400\n    at Channel.<anonymous> (/workspaces/AI-Chain-Creator-Hub/packages/backend/packages/restapi/src/lib/pushNotification/channel.ts:169:13)\n    at Generator.throw (<anonymous>)\n    at rejected (/workspaces/AI-Chain-Creator-Hub/packages/backend/node_modules/tslib/tslib.js:168:69)\n    at processTicksAndRejections (node:internal/process/task_queues:105:5)","timestamp":"2025-09-06T04:32:39.323Z"}
{"level":"error","message":"Error creating channel: Push SDK Error: Contract : createChannelWithPUSH : Error: {\"code\":\"UNSUPPORTED_OPERATION\",\"operation\":\"call\",\"shortMessage\":\"missing provider\"}","service":"ai-chain-creator-hub-backend","stack":"Error: Push SDK Error: Contract : createChannelWithPUSH : Error: {\"code\":\"UNSUPPORTED_OPERATION\",\"operation\":\"call\",\"shortMessage\":\"missing provider\"}\n    at Channel.<anonymous> (/workspaces/AI-Chain-Creator-Hub/packages/backend/packages/restapi/src/lib/pushNotification/channel.ts:271:13)\n    at Generator.throw (<anonymous>)\n    at rejected (/workspaces/AI-Chain-Creator-Hub/packages/backend/node_modules/tslib/tslib.js:168:69)\n    at processTicksAndRejections (node:internal/process/task_queues:105:5)","timestamp":"2025-09-06T04:32:40.260Z"}
{"level":"error","message":"Error creating channel: Push SDK Error: Contract : createChannelWithPUSH : Error: {\"code\":\"UNSUPPORTED_OPERATION\",\"operation\":\"call\",\"shortMessage\":\"missing provider\"}","service":"ai-chain-creator-hub-backend","stack":"Error: Push SDK Error: Contract : createChannelWithPUSH : Error: {\"code\":\"UNSUPPORTED_OPERATION\",\"operation\":\"call\",\"shortMessage\":\"missing provider\"}\n    at Channel.<anonymous> (/workspaces/AI-Chain-Creator-Hub/packages/backend/packages/restapi/src/lib/pushNotification/channel.ts:271:13)\n    at Generator.throw (<anonymous>)\n    at rejected (/workspaces/AI-Chain-Creator-Hub/packages/backend/node_modules/tslib/tslib.js:168:69)\n    at processTicksAndRejections (node:internal/process/task_queues:105:5)","timestamp":"2025-09-06T04:32:40.261Z"}
{"level":"info","message":"Subscribed to channel: 0xchanneladdress1234567890","service":"ai-chain-creator-hub-backend","timestamp":"2025-09-06T04:32:40.610Z"}
{"level":"info","message":"Database info:","service":"ai-chain-creator-hub-backend","timestamp":"2025-09-16T09:11:19.345Z"}
{"level":"info","message":"Database connected successfully","service":"ai-chain-creator-hub-backend","timestamp":"2025-09-16T09:11:19.534Z"}
{"level":"info","message":"Server running on port 5000","service":"ai-chain-creator-hub-backend","timestamp":"2025-09-16T09:11:19.536Z"}
{"level":"info","message":"Environment: development","service":"ai-chain-creator-hub-backend","timestamp":"2025-09-16T09:11:19.537Z"}
{"level":"info","message":"SIGINT received, shutting down gracefully","service":"ai-chain-creator-hub-backend","timestamp":"2025-09-16T09:22:28.968Z"}
{"level":"info","message":"Database disconnected successfully","service":"ai-chain-creator-hub-backend","timestamp":"2025-09-16T09:22:28.977Z"}
{"level":"info","message":"Process terminated","service":"ai-chain-creator-hub-backend","timestamp":"2025-09-16T09:22:28.979Z"}
{"level":"info","message":"Database info:","service":"ai-chain-creator-hub-backend","timestamp":"2025-09-16T11:20:31.760Z"}
{"level":"info","message":"Database connected successfully","service":"ai-chain-creator-hub-backend","timestamp":"2025-09-16T11:20:31.943Z"}
{"level":"info","message":"Server running on port 5000","service":"ai-chain-creator-hub-backend","timestamp":"2025-09-16T11:20:31.945Z"}
{"level":"info","message":"Environment: development","service":"ai-chain-creator-hub-backend","timestamp":"2025-09-16T11:20:31.946Z"}
{"level":"info","message":"SIGINT received, shutting down gracefully","service":"ai-chain-creator-hub-backend","timestamp":"2025-09-16T12:01:14.090Z"}
{"level":"info","message":"Database disconnected successfully","service":"ai-chain-creator-hub-backend","timestamp":"2025-09-16T12:01:14.097Z"}
{"level":"info","message":"Process terminated","service":"ai-chain-creator-hub-backend","timestamp":"2025-09-16T12:01:14.098Z"}
{"level":"info","message":"Database info:","service":"ai-chain-creator-hub-backend","timestamp":"2025-09-16T15:05:20.067Z"}
{"level":"info","message":"Database connected successfully","service":"ai-chain-creator-hub-backend","timestamp":"2025-09-16T15:05:20.071Z"}
{"level":"info","message":"Server running on port 5000","service":"ai-chain-creator-hub-backend","timestamp":"2025-09-16T15:05:20.073Z"}
{"level":"info","message":"Environment: development","service":"ai-chain-creator-hub-backend","timestamp":"2025-09-16T15:05:20.073Z"}
{"level":"info","message":"SIGINT received, shutting down gracefully","service":"ai-chain-creator-hub-backend","timestamp":"2025-09-16T15:14:49.011Z"}
{"level":"info","message":"Database disconnected successfully","service":"ai-chain-creator-hub-backend","timestamp":"2025-09-16T15:14:49.021Z"}
{"level":"info","message":"Process terminated","service":"ai-chain-creator-hub-backend","timestamp":"2025-09-16T15:14:49.023Z"}
{"level":"info","message":"Database info:","service":"ai-chain-creator-hub-backend","timestamp":"2025-09-17T11:02:52.026Z"}
{"level":"info","message":"Database connected successfully","service":"ai-chain-creator-hub-backend","timestamp":"2025-09-17T11:02:52.174Z"}
{"level":"info","message":"Server running on port 5000","service":"ai-chain-creator-hub-backend","timestamp":"2025-09-17T11:02:52.176Z"}
{"level":"info","message":"Environment: development","service":"ai-chain-creator-hub-backend","timestamp":"2025-09-17T11:02:52.176Z"}
{"level":"info","message":"Database info:","service":"ai-chain-creator-hub-backend","timestamp":"2025-09-17T11:23:08.505Z"}
{"level":"info","message":"Database connected successfully","service":"ai-chain-creator-hub-backend","timestamp":"2025-09-17T11:23:08.536Z"}
{"level":"info","message":"SIGTERM received, shutting down gracefully","service":"ai-chain-creator-hub-backend","timestamp":"2025-09-17T11:23:08.557Z"}
{"level":"info","message":"Database disconnected successfully","service":"ai-chain-creator-hub-backend","timestamp":"2025-09-17T11:23:08.560Z"}
{"level":"info","message":"Process terminated","service":"ai-chain-creator-hub-backend","timestamp":"2025-09-17T11:23:08.561Z"}
{"level":"info","message":"Database info:","service":"ai-chain-creator-hub-backend","timestamp":"2025-09-17T11:26:28.887Z"}
{"level":"info","message":"Database connected successfully","service":"ai-chain-creator-hub-backend","timestamp":"2025-09-17T11:26:28.909Z"}
{"level":"info","message":"Server running on port 5000","service":"ai-chain-creator-hub-backend","timestamp":"2025-09-17T11:26:28.915Z"}
{"level":"info","message":"Environment: development","service":"ai-chain-creator-hub-backend","timestamp":"2025-09-17T11:26:28.916Z"}
{"level":"info","message":"Database info:","service":"ai-chain-creator-hub-backend","timestamp":"2025-09-17T11:53:58.888Z"}
{"level":"info","message":"Database connected successfully","service":"ai-chain-creator-hub-backend","timestamp":"2025-09-17T11:53:59.235Z"}
{"level":"info","message":"SIGTERM received, shutting down gracefully","service":"ai-chain-creator-hub-backend","timestamp":"2025-09-17T11:53:59.300Z"}
{"level":"info","message":"Database disconnected successfully","service":"ai-chain-creator-hub-backend","timestamp":"2025-09-17T11:53:59.336Z"}
{"level":"info","message":"Process terminated","service":"ai-chain-creator-hub-backend","timestamp":"2025-09-17T11:53:59.338Z"}
{"level":"info","message":"NFT created: cmfnxsb2p00058d0e4tl2pfjw by 0x1234567890abcdef1234567890abcdef12345678","service":"ai-chain-creator-hub-backend","timestamp":"2025-09-17T12:06:55.253Z"}
{"level":"info","message":"Listing created: cmfnxsb4k00078d0ey7ffagjv by 0x1234567890abcdef1234567890abcdef12345678","service":"ai-chain-creator-hub-backend","timestamp":"2025-09-17T12:06:55.391Z"}
{"level":"info","message":"AI generation job queued for user: 0x1234567890abcdef1234567890abcdef12345678","service":"ai-chain-creator-hub-backend","timestamp":"2025-09-17T12:06:55.600Z"}
{"level":"info","message":"Trading strategy created: cmfnxsbev000c8d0eerzh7j6y by 0x1234567890abcdef1234567890abcdef12345678","service":"ai-chain-creator-hub-backend","timestamp":"2025-09-17T12:06:55.702Z"}
{"level":"info","message":"Trading strategy updated: cmfnxsbev000c8d0eerzh7j6y by 0x1234567890abcdef1234567890abcdef12345678","service":"ai-chain-creator-hub-backend","timestamp":"2025-09-17T12:06:55.735Z"}
{"level":"info","message":"Trading strategy created: cmfnxscw6000h8d0exdaf1pz6 by 0x1234567890abcdef1234567890abcdef12345678","service":"ai-chain-creator-hub-backend","timestamp":"2025-09-17T12:06:57.611Z"}
{"level":"info","message":"VibeCoin balance updated for 0x1234567890abcdef1234567890abcdef12345678: add 500","service":"ai-chain-creator-hub-backend","timestamp":"2025-09-17T12:06:59.698Z"}
{"level":"info","message":"Database info:","service":"ai-chain-creator-hub-backend","timestamp":"2025-09-17T12:10:51.892Z"}
{"level":"info","message":"Database connected successfully","service":"ai-chain-creator-hub-backend","timestamp":"2025-09-17T12:10:51.896Z"}
{"level":"info","message":"SIGTERM received, shutting down gracefully","service":"ai-chain-creator-hub-backend","timestamp":"2025-09-17T12:10:51.908Z"}
{"level":"info","message":"Database disconnected successfully","service":"ai-chain-creator-hub-backend","timestamp":"2025-09-17T12:10:51.909Z"}
{"level":"info","message":"Process terminated","service":"ai-chain-creator-hub-backend","timestamp":"2025-09-17T12:10:51.910Z"}
{"level":"info","message":"SIGINT received, shutting down gracefully","service":"ai-chain-creator-hub-backend","timestamp":"2025-09-17T12:20:46.231Z"}
{"level":"info","message":"Database disconnected successfully","service":"ai-chain-creator-hub-backend","timestamp":"2025-09-17T12:20:46.236Z"}
{"level":"info","message":"Process terminated","service":"ai-chain-creator-hub-backend","timestamp":"2025-09-17T12:20:46.236Z"}
{"level":"info","message":"Database info:","service":"ai-chain-creator-hub-backend","timestamp":"2025-09-17T12:24:04.812Z"}
{"level":"info","message":"Database connected successfully","service":"ai-chain-creator-hub-backend","timestamp":"2025-09-17T12:24:04.833Z"}
{"level":"info","message":"Server running on port 5000","service":"ai-chain-creator-hub-backend","timestamp":"2025-09-17T12:24:04.836Z"}
{"level":"info","message":"Environment: development","service":"ai-chain-creator-hub-backend","timestamp":"2025-09-17T12:24:04.836Z"}
